2025-04-28 11:30:00 | WARN | repo=pv243-javaee-7 | action=commit
2025-02-14 11:07:00 | WARN | repo=pv243-javaee-7 | action=commit
2025-05-02 10:27:00 | DEBUG | repo=pv243-javaee-7 | action=commit
2025-11-12 16:13:00 | INFO | repo=pv243-javaee-7 | action=commit
2025-08-14 20:25:00 | DEBUG | repo=pv243-javaee-7 | action=commit
2025-03-23 17:17:00 | INFO | repo=pv243-javaee-7 | action=commit
2025-10-11 20:56:00 | WARN | repo=pv243-javaee-7 | action=commit
2025-07-19 10:45:00 | INFO | repo=pv243-javaee-7 | action=commit
2025-07-11 13:59:00 | INFO | repo=pv243-javaee-7 | action=test | passed=true
2025-12-06 09:09:00 | DEBUG | repo=pv243-javaee-7 | action=commit
2025-05-24 20:24:00 | DEBUG | repo=pv243-javaee-7 | action=pull
2025-12-08 21:34:00 | WARN | repo=pv243-javaee-7 | action=commit
2025-10-24 09:24:00 | INFO | repo=pv243-javaee-7 | action=commit
2025-04-10 19:22:00 | INFO | repo=pv243-javaee-7 | action=pull
2025-03-11 13:13:00 | WARN | repo=pv243-javaee-7 | action=commit
2025-09-11 21:06:00 | DEBUG | repo=pv243-javaee-7 | action=commit
2025-08-22 12:34:00 | INFO | repo=pv243-javaee-7 | action=commit
2025-03-08 21:43:00 | DEBUG | repo=pv243-javaee-7 | action=commit
2025-01-02 07:03:00 | INFO | repo=pv243-javaee-7 | action=commit
2025-01-24 18:11:00 | WARN | repo=pv243-javaee-7 | action=commit
2025-04-18 08:10:00 | INFO | repo=pv243-javaee-7 | action=commit
2025-10-19 20:50:00 | DEBUG | repo=pv243-javaee-7 | action=commit
2025-08-09 19:00:00 | DEBUG | repo=pv243-javaee-7 | action=edit | files=1
2025-03-28 08:03:00 | INFO | repo=pv243-javaee-7 | action=commit
2025-05-07 07:01:00 | WARN | repo=pv243-javaee-7 | action=commit
2025-05-26 11:05:00 | WARN | repo=pv243-javaee-7 | action=commit
2025-02-06 10:32:00 | DEBUG | repo=pv243-javaee-7 | action=commit
2025-04-07 07:34:00 | WARN | repo=pv243-javaee-7 | action=commit
2025-12-19 07:49:00 | DEBUG | repo=pv243-javaee-7 | action=pull
2025-06-16 07:21:00 | WARN | repo=pv243-javaee-7 | action=commit
2025-08-12 11:02:00 | WARN | repo=pv243-javaee-7 | action=pull
2025-04-25 15:21:00 | DEBUG | repo=pv243-javaee-7 | action=commit
2025-09-09 09:10:00 | WARN | repo=pv243-javaee-7 | action=commit
2025-09-07 14:44:00 | DEBUG | repo=pv243-javaee-7 | action=commit
2025-01-07 21:05:00 | DEBUG | repo=pv243-javaee-7 | action=pull
2025-07-13 12:22:00 | WARN | repo=pv243-javaee-7 | action=commit
2025-02-15 21:32:00 | WARN | repo=pv243-javaee-7 | action=commit
2025-03-22 18:37:00 | DEBUG | repo=pv243-javaee-7 | action=commit
2025-01-11 16:43:00 | DEBUG | repo=pv243-javaee-7 | action=commit
2025-10-22 07:36:00 | INFO | repo=pv243-javaee-7 | action=commit
2025-03-25 11:00:00 | DEBUG | repo=pv243-javaee-7 | action=commit
2025-11-09 08:05:00 | WARN | repo=pv243-javaee-7 | action=test | passed=true
2025-06-25 07:03:00 | INFO | repo=pv243-javaee-7 | action=commit
2025-08-21 17:23:00 | INFO | repo=pv243-javaee-7 | action=edit | files=4
2025-03-04 08:26:00 | WARN | repo=pv243-javaee-7 | action=commit
2025-05-22 07:20:00 | WARN | repo=pv243-javaee-7 | action=commit
2025-06-19 21:27:00 | INFO | repo=pv243-javaee-7 | action=commit
2025-11-07 12:24:00 | INFO | repo=pv243-javaee-7 | action=commit
2025-08-07 08:24:00 | INFO | repo=pv243-javaee-7 | action=pull
2025-03-05 16:25:00 | WARN | repo=pv243-javaee-7 | action=pull
2025-08-13 11:44:00 | WARN | repo=pv243-javaee-7 | action=test | passed=true
2025-08-21 17:50:00 | DEBUG | repo=pv243-javaee-7 | action=commit
2025-11-03 07:58:00 | DEBUG | repo=pv243-javaee-7 | action=commit
2025-04-18 19:13:00 | DEBUG | repo=pv243-javaee-7 | action=edit | files=5
2025-11-22 19:00:00 | INFO | repo=pv243-javaee-7 | action=test | passed=true
2025-08-22 18:45:00 | INFO | repo=pv243-javaee-7 | action=commit
2025-12-17 12:53:00 | DEBUG | repo=pv243-javaee-7 | action=commit
2025-01-20 21:04:00 | INFO | repo=pv243-javaee-7 | action=commit
2025-02-06 08:09:00 | WARN | repo=pv243-javaee-7 | action=commit
2025-10-26 20:56:00 | INFO | repo=pv243-javaee-7 | action=pull
2025-07-12 15:02:00 | WARN | repo=pv243-javaee-7 | action=commit
2025-07-11 13:00:00 | DEBUG | repo=pv243-javaee-7 | action=commit
2025-04-10 13:22:00 | INFO | repo=pv243-javaee-7 | action=commit
2025-09-04 18:26:00 | WARN | repo=pv243-javaee-7 | action=commit
2025-12-15 15:21:00 | DEBUG | repo=pv243-javaee-7 | action=commit
2025-06-10 13:42:00 | DEBUG | repo=pv243-javaee-7 | action=edit | files=4
2025-05-17 07:16:00 | WARN | repo=pv243-javaee-7 | action=commit
2025-03-24 12:17:00 | WARN | repo=pv243-javaee-7 | action=pull
2025-10-14 21:26:00 | INFO | repo=pv243-javaee-7 | action=commit
2025-04-05 15:55:00 | INFO | repo=pv243-javaee-7 | action=edit | files=4
2025-05-28 08:56:00 | DEBUG | repo=pv243-javaee-7 | action=test | passed=true
2025-09-05 20:36:00 | WARN | repo=pv243-javaee-7 | action=commit
2025-01-19 07:38:00 | WARN | repo=pv243-javaee-7 | action=commit
2025-09-05 18:16:00 | INFO | repo=pv243-javaee-7 | action=commit
2025-11-02 09:38:00 | INFO | repo=pv243-javaee-7 | action=commit
2025-05-09 11:54:00 | DEBUG | repo=pv243-javaee-7 | action=test | passed=true
2025-12-11 09:01:00 | INFO | repo=pv243-javaee-7 | action=commit
2025-09-01 20:38:00 | INFO | repo=pv243-javaee-7 | action=edit | files=3
2025-09-15 07:59:00 | INFO | repo=pv243-javaee-7 | action=pull
2025-10-13 21:52:00 | INFO | repo=pv243-javaee-7 | action=edit | files=4
2025-05-19 20:31:00 | DEBUG | repo=pv243-javaee-7 | action=commit
2025-06-12 17:52:00 | WARN | repo=pv243-javaee-7 | action=commit
2025-02-10 18:18:00 | INFO | repo=pv243-javaee-7 | action=commit
2025-08-16 20:00:00 | INFO | repo=pv243-javaee-7 | action=commit
2025-03-20 11:52:00 | INFO | repo=pv243-javaee-7 | action=commit
2025-10-09 11:35:00 | INFO | repo=pv243-javaee-7 | action=commit
2025-06-20 08:10:00 | DEBUG | repo=pv243-javaee-7 | action=commit
2025-12-26 15:07:00 | DEBUG | repo=pv243-javaee-7 | action=commit
2025-09-26 17:15:00 | DEBUG | repo=pv243-javaee-7 | action=commit
2025-05-11 15:57:00 | WARN | repo=pv243-javaee-7 | action=commit
2025-11-21 08:22:00 | DEBUG | repo=pv243-javaee-7 | action=commit
2025-10-05 12:06:00 | DEBUG | repo=pv243-javaee-7 | action=commit
2025-09-13 11:19:00 | INFO | repo=pv243-javaee-7 | action=commit
2025-06-27 21:24:00 | DEBUG | repo=pv243-javaee-7 | action=commit
2025-12-26 17:22:00 | DEBUG | repo=pv243-javaee-7 | action=commit
2025-12-08 20:57:00 | WARN | repo=pv243-javaee-7 | action=commit
2025-08-08 20:48:00 | WARN | repo=pv243-javaee-7 | action=commit
2025-11-03 07:00:00 | DEBUG | repo=pv243-javaee-7 | action=commit
2025-09-08 13:12:00 | DEBUG | repo=pv243-javaee-7 | action=commit
2025-04-11 10:19:00 | DEBUG | repo=pv243-javaee-7 | action=edit | files=3
2025-08-11 18:00:00 | WARN | repo=pv243-javaee-7 | action=commit
2025-03-23 07:29:00 | WARN | repo=pv243-javaee-7 | action=edit | files=4
2025-09-26 07:25:00 | DEBUG | repo=pv243-javaee-7 | action=commit
2025-09-17 08:24:00 | WARN | repo=pv243-javaee-7 | action=commit
2025-07-06 12:18:00 | DEBUG | repo=pv243-javaee-7 | action=commit
2025-08-26 08:19:00 | INFO | repo=pv243-javaee-7 | action=commit
2025-07-25 11:10:00 | DEBUG | repo=pv243-javaee-7 | action=pull
2025-05-14 13:04:00 | INFO | repo=pv243-javaee-7 | action=edit | files=4
2025-12-07 08:19:00 | INFO | repo=pv243-javaee-7 | action=edit | files=5
2025-12-02 17:05:00 | INFO | repo=pv243-javaee-7 | action=commit
2025-06-06 08:09:00 | WARN | repo=pv243-javaee-7 | action=test | passed=true
2025-11-28 21:45:00 | DEBUG | repo=pv243-javaee-7 | action=commit
2025-04-07 08:30:00 | INFO | repo=pv243-javaee-7 | action=edit | files=2
2025-03-01 20:54:00 | WARN | repo=pv243-javaee-7 | action=test | passed=true
2025-07-12 21:36:00 | DEBUG | repo=pv243-javaee-7 | action=commit
